<?xml version="1.0" encoding="UTF-8"?><testsuite errors="1" failures="0" name="Carro de compra" skipped="0" tests="1" time="109.63" timestamp="2022-08-05 12:41:59"><testcase name="Agregar producto al carro de compra"><error message="element click intercepted: Element &lt;a href=&quot;javascript:void(0)&quot; class=&quot;qty-inc&quot;&gt;...&lt;/a&gt; is not clickable at point (683, 588). Other element would receive the click: &lt;div data-role=&quot;loader&quot; class=&quot;loading-mask&quot; style=&quot;padding-bottom: 100%;&quot;&gt;...&lt;/div&gt;&#10;  (Session info: chrome=103.0.5060.134)&#10;Build info: version: '3.141.59', revision: 'e82be7d358', time: '2018-11-14T08:17:03'&#10;System info: host: 'DESKTOP-2JG74F8', ip: '192.168.119.60', os.name: 'Windows 10', os.arch: 'amd64', os.version: '10.0', java.version: '1.8.0_131'&#10;Driver info: org.openqa.selenium.chrome.ChromeDriver&#10;Capabilities {acceptInsecureCerts: false, browserName: chrome, browserVersion: 103.0.5060.134, chrome: {chromedriverVersion: 103.0.5060.134 (8ec6fce403b..., userDataDir: C:\Users\G\AppData\Local\Te...}, goog:chromeOptions: {debuggerAddress: localhost:63393}, javascriptEnabled: true, networkConnectionEnabled: false, pageLoadStrategy: normal, platform: WINDOWS, platformName: WINDOWS, proxy: Proxy(), setWindowRect: true, strictFileInteractability: false, timeouts: {implicit: 0, pageLoad: 300000, script: 30000}, unhandledPromptBehavior: dismiss and notify, webauthn:extension:credBlob: true, webauthn:extension:largeBlob: true, webauthn:virtualAuthenticators: true}&#10;Session ID: 6790c60473b5668a7295bc995dee4cdb&#10;Build info: version: '3.141.59', revision: 'e82be7d358', time: '2018-11-14T08:17:03'&#10;System info: host: 'DESKTOP-2JG74F8', ip: '192.168.119.60', os.name: 'Windows 10', os.arch: 'amd64', os.version: '10.0', java.version: '1.8.0_131'&#10;Driver info: driver.version: unknown" type="org.openqa.selenium.ElementClickInterceptedException">element click intercepted: Element &lt;a href="javascript:void(0)" class="qty-inc"&gt;...&lt;/a&gt; is not clickable at point (683, 588). Other element would receive the click: &lt;div data-role="loader" class="loading-mask" style="padding-bottom: 100%;"&gt;...&lt;/div&gt;
  (Session info: chrome=103.0.5060.134)
Build info: version: '3.141.59', revision: 'e82be7d358', time: '2018-11-14T08:17:03'
System info: host: 'DESKTOP-2JG74F8', ip: '192.168.119.60', os.name: 'Windows 10', os.arch: 'amd64', os.version: '10.0', java.version: '1.8.0_131'
Driver info: org.openqa.selenium.chrome.ChromeDriver
Capabilities {acceptInsecureCerts: false, browserName: chrome, browserVersion: 103.0.5060.134, chrome: {chromedriverVersion: 103.0.5060.134 (8ec6fce403b..., userDataDir: C:\Users\G\AppData\Local\Te...}, goog:chromeOptions: {debuggerAddress: localhost:63393}, javascriptEnabled: true, networkConnectionEnabled: false, pageLoadStrategy: normal, platform: WINDOWS, platformName: WINDOWS, proxy: Proxy(), setWindowRect: true, strictFileInteractability: false, timeouts: {implicit: 0, pageLoad: 300000, script: 30000}, unhandledPromptBehavior: dismiss and notify, webauthn:extension:credBlob: true, webauthn:extension:largeBlob: true, webauthn:virtualAuthenticators: true}
Session ID: 6790c60473b5668a7295bc995dee4cdb
Build info: version: '3.141.59', revision: 'e82be7d358', time: '2018-11-14T08:17:03'
System info: host: 'DESKTOP-2JG74F8', ip: '192.168.119.60', os.name: 'Windows 10', os.arch: 'amd64', os.version: '10.0', java.version: '1.8.0_131'
Driver info: driver.version: unknown</error><system-err>element click intercepted: Element &lt;a href="javascript:void(0)" class="qty-inc"&gt;...&lt;/a&gt; is not clickable at point (683, 588). Other element would receive the click: &lt;div data-role="loader" class="loading-mask" style="padding-bottom: 100%;"&gt;...&lt;/div&gt;
  (Session info: chrome=103.0.5060.134)
Build info: version: '3.141.59', revision: 'e82be7d358', time: '2018-11-14T08:17:03'
System info: host: 'DESKTOP-2JG74F8', ip: '192.168.119.60', os.name: 'Windows 10', os.arch: 'amd64', os.version: '10.0', java.version: '1.8.0_131'
Driver info: org.openqa.selenium.chrome.ChromeDriver
Capabilities {acceptInsecureCerts: false, browserName: chrome, browserVersion: 103.0.5060.134, chrome: {chromedriverVersion: 103.0.5060.134 (8ec6fce403b..., userDataDir: C:\Users\G\AppData\Local\Te...}, goog:chromeOptions: {debuggerAddress: localhost:63393}, javascriptEnabled: true, networkConnectionEnabled: false, pageLoadStrategy: normal, platform: WINDOWS, platformName: WINDOWS, proxy: Proxy(), setWindowRect: true, strictFileInteractability: false, timeouts: {implicit: 0, pageLoad: 300000, script: 30000}, unhandledPromptBehavior: dismiss and notify, webauthn:extension:credBlob: true, webauthn:extension:largeBlob: true, webauthn:virtualAuthenticators: true}
Session ID: 6790c60473b5668a7295bc995dee4cdb
Build info: version: '3.141.59', revision: 'e82be7d358', time: '2018-11-14T08:17:03'
System info: host: 'DESKTOP-2JG74F8', ip: '192.168.119.60', os.name: 'Windows 10', os.arch: 'amd64', os.version: '10.0', java.version: '1.8.0_131'
Driver info: driver.version: unknown&#13;
co.com.Dekosas.Steps.CarroDeCompraStep.cliCKBtnAgregar1(CarroDeCompraStep.java:53)&#13;
co.com.Dekosas.StepDefinitions.CarroDeCompraStepDefinition.queElUsuarioSeEncuentreEnLaSubCategoriaPlantaDecorativa(CarroDeCompraStepDefinition.java:23)&#13;
✽.que el usuario se encuentre en la sub categoria planta decorativa(src/test/resources/features/carroDeCompra.feature:10)&#13;
</system-err></testcase></testsuite>