<?xml version="1.0" encoding="UTF-8"?><testsuite errors="1" failures="0" name="Cancelar la compra" skipped="0" tests="1" time="42.82" timestamp="2022-08-05 08:13:24"><testcase name="cancelar compra exitosamente"><error message="element click intercepted: Element &lt;div id=&quot;main-toggle-menu&quot; class=&quot;main-toggle-menu closed&quot;&gt;...&lt;/div&gt; is not clickable at point (204, 95). Other element would receive the click: &lt;div class=&quot;mfp-content&quot;&gt;...&lt;/div&gt;&#10;  (Session info: chrome=103.0.5060.134)&#10;Build info: version: '3.141.59', revision: 'e82be7d358', time: '2018-11-14T08:17:03'&#10;System info: host: 'DESKTOP-2JG74F8', ip: '192.168.101.7', os.name: 'Windows 10', os.arch: 'amd64', os.version: '10.0', java.version: '1.8.0_131'&#10;Driver info: org.openqa.selenium.chrome.ChromeDriver&#10;Capabilities {acceptInsecureCerts: false, browserName: chrome, browserVersion: 103.0.5060.134, chrome: {chromedriverVersion: 103.0.5060.134 (8ec6fce403b..., userDataDir: C:\Users\G\AppData\Local\Te...}, goog:chromeOptions: {debuggerAddress: localhost:51089}, javascriptEnabled: true, networkConnectionEnabled: false, pageLoadStrategy: normal, platform: WINDOWS, platformName: WINDOWS, proxy: Proxy(), setWindowRect: true, strictFileInteractability: false, timeouts: {implicit: 0, pageLoad: 300000, script: 30000}, unhandledPromptBehavior: dismiss and notify, webauthn:extension:credBlob: true, webauthn:extension:largeBlob: true, webauthn:virtualAuthenticators: true}&#10;Session ID: ccdb8a864c75616fbdee44f641edb7af&#10;Build info: version: '3.141.59', revision: 'e82be7d358', time: '2018-11-14T08:17:03'&#10;System info: host: 'DESKTOP-2JG74F8', ip: '192.168.101.7', os.name: 'Windows 10', os.arch: 'amd64', os.version: '10.0', java.version: '1.8.0_131'&#10;Driver info: driver.version: unknown" type="org.openqa.selenium.ElementClickInterceptedException">element click intercepted: Element &lt;div id="main-toggle-menu" class="main-toggle-menu closed"&gt;...&lt;/div&gt; is not clickable at point (204, 95). Other element would receive the click: &lt;div class="mfp-content"&gt;...&lt;/div&gt;
  (Session info: chrome=103.0.5060.134)
Build info: version: '3.141.59', revision: 'e82be7d358', time: '2018-11-14T08:17:03'
System info: host: 'DESKTOP-2JG74F8', ip: '192.168.101.7', os.name: 'Windows 10', os.arch: 'amd64', os.version: '10.0', java.version: '1.8.0_131'
Driver info: org.openqa.selenium.chrome.ChromeDriver
Capabilities {acceptInsecureCerts: false, browserName: chrome, browserVersion: 103.0.5060.134, chrome: {chromedriverVersion: 103.0.5060.134 (8ec6fce403b..., userDataDir: C:\Users\G\AppData\Local\Te...}, goog:chromeOptions: {debuggerAddress: localhost:51089}, javascriptEnabled: true, networkConnectionEnabled: false, pageLoadStrategy: normal, platform: WINDOWS, platformName: WINDOWS, proxy: Proxy(), setWindowRect: true, strictFileInteractability: false, timeouts: {implicit: 0, pageLoad: 300000, script: 30000}, unhandledPromptBehavior: dismiss and notify, webauthn:extension:credBlob: true, webauthn:extension:largeBlob: true, webauthn:virtualAuthenticators: true}
Session ID: ccdb8a864c75616fbdee44f641edb7af
Build info: version: '3.141.59', revision: 'e82be7d358', time: '2018-11-14T08:17:03'
System info: host: 'DESKTOP-2JG74F8', ip: '192.168.101.7', os.name: 'Windows 10', os.arch: 'amd64', os.version: '10.0', java.version: '1.8.0_131'
Driver info: driver.version: unknown</error><system-err>element click intercepted: Element &lt;div id="main-toggle-menu" class="main-toggle-menu closed"&gt;...&lt;/div&gt; is not clickable at point (204, 95). Other element would receive the click: &lt;div class="mfp-content"&gt;...&lt;/div&gt;
  (Session info: chrome=103.0.5060.134)
Build info: version: '3.141.59', revision: 'e82be7d358', time: '2018-11-14T08:17:03'
System info: host: 'DESKTOP-2JG74F8', ip: '192.168.101.7', os.name: 'Windows 10', os.arch: 'amd64', os.version: '10.0', java.version: '1.8.0_131'
Driver info: org.openqa.selenium.chrome.ChromeDriver
Capabilities {acceptInsecureCerts: false, browserName: chrome, browserVersion: 103.0.5060.134, chrome: {chromedriverVersion: 103.0.5060.134 (8ec6fce403b..., userDataDir: C:\Users\G\AppData\Local\Te...}, goog:chromeOptions: {debuggerAddress: localhost:51089}, javascriptEnabled: true, networkConnectionEnabled: false, pageLoadStrategy: normal, platform: WINDOWS, platformName: WINDOWS, proxy: Proxy(), setWindowRect: true, strictFileInteractability: false, timeouts: {implicit: 0, pageLoad: 300000, script: 30000}, unhandledPromptBehavior: dismiss and notify, webauthn:extension:credBlob: true, webauthn:extension:largeBlob: true, webauthn:virtualAuthenticators: true}
Session ID: ccdb8a864c75616fbdee44f641edb7af
Build info: version: '3.141.59', revision: 'e82be7d358', time: '2018-11-14T08:17:03'
System info: host: 'DESKTOP-2JG74F8', ip: '192.168.101.7', os.name: 'Windows 10', os.arch: 'amd64', os.version: '10.0', java.version: '1.8.0_131'
Driver info: driver.version: unknown&#13;
co.com.Dekosas.Steps.PlantasDecorativasStep.clickBtnMenu(PlantasDecorativasStep.java:24)&#13;
co.com.Dekosas.StepDefinitions.CarroDeCompraStepDefinition.queElUsuarioSeEncuentreEnLaSubCategoriaPlantaDecorativa(CarroDeCompraStepDefinition.java:27)&#13;
✽.que el usuario se encuentre en la sub categoria planta decorativa(src/test/resources/features/cancelarCompra.feature:7)&#13;
</system-err></testcase></testsuite>